<<<<<<< HEAD
This is pdfTeX, Version 3.1415926-1.40.10 (TeX Live 2009/Debian) (format=latex 2010.5.26)  15 JUN 2010 11:47
=======
This is pdfTeX, Version 3.1415926-1.40.10 (TeX Live 2009/Debian) (format=latex 2010.5.21)  15 JUN 2010 11:33
>>>>>>> 31d17d54eb4cbc6f0c3aa734bfeeb9634ce61a5f
entering extended mode
 restricted \write18 enabled.
 %&-line parsing enabled.
**FireMonkeys.tex
(./FireMonkeys.tex
LaTeX2e <2009/09/24>
Babel <v3.8l> and hyphenation patterns for english, usenglishmax, dumylang, noh
yphenation, loaded.
(/usr/share/texmf-texlive/tex/latex/base/article.cls
Document Class: article 2007/10/19 v1.4h Standard LaTeX document class
(/usr/share/texmf-texlive/tex/latex/base/size10.clo
File: size10.clo 2007/10/19 v1.4h Standard LaTeX file (size option)
)
\c@part=\count79
\c@section=\count80
\c@subsection=\count81
\c@subsubsection=\count82
\c@paragraph=\count83
\c@subparagraph=\count84
\c@figure=\count85
\c@table=\count86
\abovecaptionskip=\skip41
\belowcaptionskip=\skip42
\bibindent=\dimen102
)
(/usr/share/texmf-texlive/tex/latex/base/inputenc.sty
Package: inputenc 2008/03/30 v1.1d Input encoding file
\inpenc@prehook=\toks14
\inpenc@posthook=\toks15

(/usr/share/texmf-texlive/tex/latex/base/utf8.def
File: utf8.def 2008/04/05 v1.1m UTF-8 support for inputenc
Now handling font encoding OML ...
... no UTF-8 mapping file for font encoding OML
Now handling font encoding T1 ...
... processing UTF-8 mapping file for font encoding T1

(/usr/share/texmf-texlive/tex/latex/base/t1enc.dfu
File: t1enc.dfu 2008/04/05 v1.1m UTF-8 support for inputenc
   defining Unicode char U+00A1 (decimal 161)
   defining Unicode char U+00A3 (decimal 163)
   defining Unicode char U+00AB (decimal 171)
   defining Unicode char U+00BB (decimal 187)
   defining Unicode char U+00BF (decimal 191)
   defining Unicode char U+00C0 (decimal 192)
   defining Unicode char U+00C1 (decimal 193)
   defining Unicode char U+00C2 (decimal 194)
   defining Unicode char U+00C3 (decimal 195)
   defining Unicode char U+00C4 (decimal 196)
   defining Unicode char U+00C5 (decimal 197)
   defining Unicode char U+00C6 (decimal 198)
   defining Unicode char U+00C7 (decimal 199)
   defining Unicode char U+00C8 (decimal 200)
   defining Unicode char U+00C9 (decimal 201)
   defining Unicode char U+00CA (decimal 202)
   defining Unicode char U+00CB (decimal 203)
   defining Unicode char U+00CC (decimal 204)
   defining Unicode char U+00CD (decimal 205)
   defining Unicode char U+00CE (decimal 206)
   defining Unicode char U+00CF (decimal 207)
   defining Unicode char U+00D0 (decimal 208)
   defining Unicode char U+00D1 (decimal 209)
   defining Unicode char U+00D2 (decimal 210)
   defining Unicode char U+00D3 (decimal 211)
   defining Unicode char U+00D4 (decimal 212)
   defining Unicode char U+00D5 (decimal 213)
   defining Unicode char U+00D6 (decimal 214)
   defining Unicode char U+00D8 (decimal 216)
   defining Unicode char U+00D9 (decimal 217)
   defining Unicode char U+00DA (decimal 218)
   defining Unicode char U+00DB (decimal 219)
   defining Unicode char U+00DC (decimal 220)
   defining Unicode char U+00DD (decimal 221)
   defining Unicode char U+00DE (decimal 222)
   defining Unicode char U+00DF (decimal 223)
   defining Unicode char U+00E0 (decimal 224)
   defining Unicode char U+00E1 (decimal 225)
   defining Unicode char U+00E2 (decimal 226)
   defining Unicode char U+00E3 (decimal 227)
   defining Unicode char U+00E4 (decimal 228)
   defining Unicode char U+00E5 (decimal 229)
   defining Unicode char U+00E6 (decimal 230)
   defining Unicode char U+00E7 (decimal 231)
   defining Unicode char U+00E8 (decimal 232)
   defining Unicode char U+00E9 (decimal 233)
   defining Unicode char U+00EA (decimal 234)
   defining Unicode char U+00EB (decimal 235)
   defining Unicode char U+00EC (decimal 236)
   defining Unicode char U+00ED (decimal 237)
   defining Unicode char U+00EE (decimal 238)
   defining Unicode char U+00EF (decimal 239)
   defining Unicode char U+00F0 (decimal 240)
   defining Unicode char U+00F1 (decimal 241)
   defining Unicode char U+00F2 (decimal 242)
   defining Unicode char U+00F3 (decimal 243)
   defining Unicode char U+00F4 (decimal 244)
   defining Unicode char U+00F5 (decimal 245)
   defining Unicode char U+00F6 (decimal 246)
   defining Unicode char U+00F8 (decimal 248)
   defining Unicode char U+00F9 (decimal 249)
   defining Unicode char U+00FA (decimal 250)
   defining Unicode char U+00FB (decimal 251)
   defining Unicode char U+00FC (decimal 252)
   defining Unicode char U+00FD (decimal 253)
   defining Unicode char U+00FE (decimal 254)
   defining Unicode char U+00FF (decimal 255)
   defining Unicode char U+0102 (decimal 258)
   defining Unicode char U+0103 (decimal 259)
   defining Unicode char U+0104 (decimal 260)
   defining Unicode char U+0105 (decimal 261)
   defining Unicode char U+0106 (decimal 262)
   defining Unicode char U+0107 (decimal 263)
   defining Unicode char U+010C (decimal 268)
   defining Unicode char U+010D (decimal 269)
   defining Unicode char U+010E (decimal 270)
   defining Unicode char U+010F (decimal 271)
   defining Unicode char U+0110 (decimal 272)
   defining Unicode char U+0111 (decimal 273)
   defining Unicode char U+0118 (decimal 280)
   defining Unicode char U+0119 (decimal 281)
   defining Unicode char U+011A (decimal 282)
   defining Unicode char U+011B (decimal 283)
   defining Unicode char U+011E (decimal 286)
   defining Unicode char U+011F (decimal 287)
   defining Unicode char U+0130 (decimal 304)
   defining Unicode char U+0131 (decimal 305)
   defining Unicode char U+0132 (decimal 306)
   defining Unicode char U+0133 (decimal 307)
   defining Unicode char U+0139 (decimal 313)
   defining Unicode char U+013A (decimal 314)
   defining Unicode char U+013D (decimal 317)
   defining Unicode char U+013E (decimal 318)
   defining Unicode char U+0141 (decimal 321)
   defining Unicode char U+0142 (decimal 322)
   defining Unicode char U+0143 (decimal 323)
   defining Unicode char U+0144 (decimal 324)
   defining Unicode char U+0147 (decimal 327)
   defining Unicode char U+0148 (decimal 328)
   defining Unicode char U+014A (decimal 330)
   defining Unicode char U+014B (decimal 331)
   defining Unicode char U+0150 (decimal 336)
   defining Unicode char U+0151 (decimal 337)
   defining Unicode char U+0152 (decimal 338)
   defining Unicode char U+0153 (decimal 339)
   defining Unicode char U+0154 (decimal 340)
   defining Unicode char U+0155 (decimal 341)
   defining Unicode char U+0158 (decimal 344)
   defining Unicode char U+0159 (decimal 345)
   defining Unicode char U+015A (decimal 346)
   defining Unicode char U+015B (decimal 347)
   defining Unicode char U+015E (decimal 350)
   defining Unicode char U+015F (decimal 351)
   defining Unicode char U+0160 (decimal 352)
   defining Unicode char U+0161 (decimal 353)
   defining Unicode char U+0162 (decimal 354)
   defining Unicode char U+0163 (decimal 355)
   defining Unicode char U+0164 (decimal 356)
   defining Unicode char U+0165 (decimal 357)
   defining Unicode char U+016E (decimal 366)
   defining Unicode char U+016F (decimal 367)
   defining Unicode char U+0170 (decimal 368)
   defining Unicode char U+0171 (decimal 369)
   defining Unicode char U+0178 (decimal 376)
   defining Unicode char U+0179 (decimal 377)
   defining Unicode char U+017A (decimal 378)
   defining Unicode char U+017B (decimal 379)
   defining Unicode char U+017C (decimal 380)
   defining Unicode char U+017D (decimal 381)
   defining Unicode char U+017E (decimal 382)
   defining Unicode char U+200C (decimal 8204)
   defining Unicode char U+2013 (decimal 8211)
   defining Unicode char U+2014 (decimal 8212)
   defining Unicode char U+2018 (decimal 8216)
   defining Unicode char U+2019 (decimal 8217)
   defining Unicode char U+201A (decimal 8218)
   defining Unicode char U+201C (decimal 8220)
   defining Unicode char U+201D (decimal 8221)
   defining Unicode char U+201E (decimal 8222)
   defining Unicode char U+2030 (decimal 8240)
   defining Unicode char U+2031 (decimal 8241)
   defining Unicode char U+2039 (decimal 8249)
   defining Unicode char U+203A (decimal 8250)
   defining Unicode char U+2423 (decimal 9251)
)
Now handling font encoding OT1 ...
... processing UTF-8 mapping file for font encoding OT1

(/usr/share/texmf-texlive/tex/latex/base/ot1enc.dfu
File: ot1enc.dfu 2008/04/05 v1.1m UTF-8 support for inputenc
   defining Unicode char U+00A1 (decimal 161)
   defining Unicode char U+00A3 (decimal 163)
   defining Unicode char U+00B8 (decimal 184)
   defining Unicode char U+00BF (decimal 191)
   defining Unicode char U+00C5 (decimal 197)
   defining Unicode char U+00C6 (decimal 198)
   defining Unicode char U+00D8 (decimal 216)
   defining Unicode char U+00DF (decimal 223)
   defining Unicode char U+00E6 (decimal 230)
   defining Unicode char U+00EC (decimal 236)
   defining Unicode char U+00ED (decimal 237)
   defining Unicode char U+00EE (decimal 238)
   defining Unicode char U+00EF (decimal 239)
   defining Unicode char U+00F8 (decimal 248)
   defining Unicode char U+0131 (decimal 305)
   defining Unicode char U+0141 (decimal 321)
   defining Unicode char U+0142 (decimal 322)
   defining Unicode char U+0152 (decimal 338)
   defining Unicode char U+0153 (decimal 339)
   defining Unicode char U+2013 (decimal 8211)
   defining Unicode char U+2014 (decimal 8212)
   defining Unicode char U+2018 (decimal 8216)
   defining Unicode char U+2019 (decimal 8217)
   defining Unicode char U+201C (decimal 8220)
   defining Unicode char U+201D (decimal 8221)
)
Now handling font encoding OMS ...
... processing UTF-8 mapping file for font encoding OMS

(/usr/share/texmf-texlive/tex/latex/base/omsenc.dfu
File: omsenc.dfu 2008/04/05 v1.1m UTF-8 support for inputenc
   defining Unicode char U+00A7 (decimal 167)
   defining Unicode char U+00B6 (decimal 182)
   defining Unicode char U+00B7 (decimal 183)
   defining Unicode char U+2020 (decimal 8224)
   defining Unicode char U+2021 (decimal 8225)
   defining Unicode char U+2022 (decimal 8226)
)
Now handling font encoding OMX ...
... no UTF-8 mapping file for font encoding OMX
Now handling font encoding U ...
... no UTF-8 mapping file for font encoding U
   defining Unicode char U+00A9 (decimal 169)
   defining Unicode char U+00AA (decimal 170)
   defining Unicode char U+00AE (decimal 174)
   defining Unicode char U+00BA (decimal 186)
   defining Unicode char U+02C6 (decimal 710)
   defining Unicode char U+02DC (decimal 732)
   defining Unicode char U+200C (decimal 8204)
   defining Unicode char U+2026 (decimal 8230)
   defining Unicode char U+2122 (decimal 8482)
   defining Unicode char U+2423 (decimal 9251)
))
(/usr/share/texmf-texlive/tex/latex/graphics/graphicx.sty
Package: graphicx 1999/02/16 v1.0f Enhanced LaTeX Graphics (DPC,SPQR)

(/usr/share/texmf-texlive/tex/latex/graphics/keyval.sty
Package: keyval 1999/03/16 v1.13 key=value parser (DPC)
\KV@toks@=\toks16
)
(/usr/share/texmf-texlive/tex/latex/graphics/graphics.sty
Package: graphics 2009/02/05 v1.0o Standard LaTeX Graphics (DPC,SPQR)

(/usr/share/texmf-texlive/tex/latex/graphics/trig.sty
Package: trig 1999/03/16 v1.09 sin cos tan (DPC)
)
(/etc/texmf/tex/latex/config/graphics.cfg
File: graphics.cfg 2009/08/28 v1.8 graphics configuration of TeX Live
)
Package graphics Info: Driver file: dvips.def on input line 91.

(/usr/share/texmf-texlive/tex/latex/graphics/dvips.def
File: dvips.def 1999/02/16 v3.0i Driver-dependant file (DPC,SPQR)
))
\Gin@req@height=\dimen103
\Gin@req@width=\dimen104
)
(/usr/share/texmf-texlive/tex/latex/graphics/lscape.sty
Package: lscape 2000/10/22 v3.01 Landscape Pages (DPC)
)
(/usr/share/texmf-texlive/tex/latex/ltxmisc/url.sty
\Urlmuskip=\muskip10
Package: url 2006/04/12  ver 3.3  Verb mode for urls, etc.
)
(/usr/share/texmf-texlive/tex/latex/tools/xspace.sty
Package: xspace 2006/05/08 v1.12 Space after command names (DPC,MH)
)
(/usr/share/texmf-texlive/tex/generic/babel/babel.sty
Package: babel 2008/07/06 v3.8l The Babel package

(/usr/share/texmf-texlive/tex/generic/babel/frenchb.ldf
Language: frenchb 2009/03/16 v2.3d French support from the babel system

(/usr/share/texmf-texlive/tex/generic/babel/babel.def
File: babel.def 2008/07/06 v3.8l Babel common definitions
\babel@savecnt=\count87
\U@D=\dimen105
)

Package babel Warning: No hyphenation patterns were loaded for
(babel)                the language `French'
(babel)                I will use the patterns loaded for \language=0 instead.

\l@french = a dialect from \language0
Package babel Info: Making : an active character on input line 120.
Package babel Info: Making ; an active character on input line 121.
Package babel Info: Making ! an active character on input line 122.
Package babel Info: Making ? an active character on input line 123.
\FB@Mht=\dimen106
\std@mcc=\count88
\dec@mcc=\count89
\parindentFFN=\dimen107
*************************************
* Local config file frenchb.cfg used
*
(/usr/share/texmf-texlive/tex/generic/babel/frenchb.cfg)))
(/usr/share/texmf-texlive/tex/latex/carlisle/scalefnt.sty) (./FireMonkeys.aux)
\openout1 = `FireMonkeys.aux'.

LaTeX Font Info:    Checking defaults for OML/cmm/m/it on input line 23.
LaTeX Font Info:    ... okay on input line 23.
LaTeX Font Info:    Checking defaults for T1/cmr/m/n on input line 23.
LaTeX Font Info:    ... okay on input line 23.
LaTeX Font Info:    Checking defaults for OT1/cmr/m/n on input line 23.
LaTeX Font Info:    ... okay on input line 23.
LaTeX Font Info:    Checking defaults for OMS/cmsy/m/n on input line 23.
LaTeX Font Info:    ... okay on input line 23.
LaTeX Font Info:    Checking defaults for OMX/cmex/m/n on input line 23.
LaTeX Font Info:    ... okay on input line 23.
LaTeX Font Info:    Checking defaults for U/cmr/m/n on input line 23.
LaTeX Font Info:    ... okay on input line 23.
LaTeX Info: Redefining \degres on input line 23.
LaTeX Info: Redefining \dots on input line 23.
LaTeX Info: Redefining \up on input line 23.


Package frenchb.ldf Warning: OT1 encoding should not be used for French. 
(frenchb.ldf)                Add \usepackage[T1]{fontenc} to the preamble
(frenchb.ldf)                of your document, on input line 23.

File: logo.ps Graphic file (type eps)
<logo.ps>
File: FlammeBleue.ps Graphic file (type eps)
 <FlammeBleue.ps> [1

] (./FireMonkeys.toc
LaTeX Font Info:    External font `cmex10' loaded for size
(Font)              <7> on input line 3.
LaTeX Font Info:    External font `cmex10' loaded for size
(Font)              <5> on input line 3.
 [2]
Overfull \hbox (0.44511pt too wide) in paragraph at lines 61--61
 [][] []\OT1/cmr/m/n/10 Real-Time Sim-u-la-tion of De-for-ma-tion and Frac-ture
 of Stiff 
 []

)
\tf@toc=\write3
\openout3 = `FireMonkeys.toc'.

 [3]
Underfull \hbox (badness 10000) in paragraph at lines 79--87

 []


Underfull \hbox (badness 10000) in paragraph at lines 116--130

 []

[4] [5]
Underfull \hbox (badness 10000) in paragraph at lines 174--187

 []

[6] [7]
Underfull \hbox (badness 10000) in paragraph at lines 217--222

 []


Overfull \hbox (0.19495pt too wide) in paragraph at lines 223--226
[]\OT1/cmr/m/n/10 Ainsi la m^^Sethode la plus utilis^^See pour mod^^Seliser une
 flamme est de repr^^Sesenter
 []


LaTeX Warning: File `Gaz.ps' not found on input line 228.


! LaTeX Error: File `Gaz.ps' not found.

See the LaTeX manual or LaTeX Companion for explanation.
Type  H <return>  for immediate help.
 ...                                              
                                                  
l.228 	\includegraphics[scale=0.3]{Gaz.ps}
                                          \\
? 

! LaTeX Error: Cannot determine size of graphic in Gaz.ps (no BoundingBox).

See the LaTeX manual or LaTeX Companion for explanation.
Type  H <return>  for immediate help.
 ...                                              
                                                  
l.228 	\includegraphics[scale=0.3]{Gaz.ps}
                                          \\
? 
File: Gaz.ps Graphic file (type eps)
<Gaz.ps>
Underfull \hbox (badness 10000) in paragraph at lines 234--239

 []


Underfull \hbox (badness 10000) in paragraph at lines 240--244

 []


Overfull \hbox (30.08408pt too wide) in paragraph at lines 247--254
\OT1/cmr/m/n/10 car nous avions be-soin d'un mod^^Rele facile-ment par-all^^Sel
isable pour pou-voir l'impl^^Sementer
 []


Underfull \hbox (badness 10000) in paragraph at lines 257--260

 []

[8]
Underfull \hbox (badness 10000) in paragraph at lines 262--266

 []


Underfull \hbox (badness 10000) in paragraph at lines 267--269

 []


Underfull \hbox (badness 10000) in paragraph at lines 270--275

 []


Underfull \hbox (badness 10000) in paragraph at lines 275--280

 []


Underfull \hbox (badness 10000) in paragraph at lines 280--284

 []


Underfull \hbox (badness 10000) in paragraph at lines 286--290

 []


Underfull \hbox (badness 10000) in paragraph at lines 291--293

 []


Underfull \hbox (badness 10000) in paragraph at lines 295--298

 []


Underfull \hbox (badness 10000) in paragraph at lines 298--299

 []

File: STAM.ps Graphic file (type eps)
<STAM.ps> [9]
Underfull \hbox (badness 10000) in paragraph at lines 305--311

 []


Underfull \hbox (badness 10000) in paragraph at lines 323--325

 []


Overfull \hbox (71.42938pt too wide) detected at line 329
[]\OML/cmm/m/it/10 p \OT1/cmr/m/n/10 = [] + [] + []
 []


Overfull \hbox (24.04317pt too wide) detected at line 344
\OML/cmm/m/it/10 u[] \OT1/cmr/m/n/10 = []
 []


Underfull \hbox (badness 10000) in paragraph at lines 346--350

 []


Underfull \hbox (badness 10000) in paragraph at lines 351--352

 []

File: STAM2.ps Graphic file (type eps)
<STAM2.ps>
Underfull \hbox (badness 10000) in paragraph at lines 357--367

 []

[10]
Underfull \hbox (badness 10000) in paragraph at lines 370--372

 []


Underfull \hbox (badness 10000) in paragraph at lines 374--379

 []


Underfull \hbox (badness 10000) in paragraph at lines 381--383

 []


Underfull \hbox (badness 10000) in paragraph at lines 384--388

 []


Underfull \hbox (badness 10000) in paragraph at lines 390--393

 []


Underfull \hbox (badness 10000) in paragraph at lines 399--402

 []


Underfull \hbox (badness 10000) in paragraph at lines 412--413

 []

[11]
Underfull \hbox (badness 10000) in paragraph at lines 414--416

 []

File: plan_en_coupe.ps Graphic file (type eps)
<plan_en_coupe.ps>
File: Render3D.ps Graphic file (type eps)
 <Render3D.ps>
File: Render3D2.ps Graphic file (type eps)
 <Render3D2.ps> [12]
File: Render3D3.ps Graphic file (type eps)
 <Render3D3.ps>
Underfull \hbox (badness 10000) in paragraph at lines 436--437

 []


Underfull \hbox (badness 10000) in paragraph at lines 440--442

 []

[13]
File: Flamme.ps Graphic file (type eps)
 <Flamme.ps>
Underfull \hbox (badness 10000) in paragraph at lines 456--457

 []


Underfull \hbox (badness 10000) in paragraph at lines 461--462

 []


Underfull \hbox (badness 10000) in paragraph at lines 463--464

 []


Underfull \hbox (badness 10000) in paragraph at lines 465--472

 []

[14]
Underfull \hbox (badness 10000) in paragraph at lines 476--477

 []

File: Perlin3D.ps Graphic file (type eps)
<Perlin3D.ps> [15]
Underfull \hbox (badness 10000) in paragraph at lines 487--488

 []

File: SansPerlin.ps Graphic file (type eps)
<SansPerlin.ps>
File: Perlin1.ps Graphic file (type eps)
 <Perlin1.ps>
File: Perlin2.ps Graphic file (type eps)
 <Perlin2.ps> [16]
Underfull \hbox (badness 10000) in paragraph at lines 504--508

 []

[15]
File: FlammeBleue.ps Graphic file (type eps)
 <FlammeBleue.ps>
File: FlammeBleue2.ps Graphic file (type eps)
<<<<<<< HEAD
 <FlammeBleue2.ps> [17] [18] [19]
Underfull \hbox (badness 10000) in paragraph at lines 527--536
=======
 <FlammeBleue2.ps> [16]
Underfull \hbox (badness 10000) in paragraph at lines 528--537
>>>>>>> 31d17d54eb4cbc6f0c3aa734bfeeb9634ce61a5f

 []


<<<<<<< HEAD
Overfull \hbox (1.2056pt too wide) in paragraph at lines 541--541
[]\OT1/cmr/bx/n/12 Transformation du probl^^Reme pour une r^^Sesolution GPU 
 []


Overfull \hbox (0.80508pt too wide) in paragraph at lines 550--550
[]\OT1/cmr/bx/n/10 Op^^Seration sur le point (i,j,k) de la ma-trice == Frag-men
tShader 
 []


Overfull \hbox (9.13571pt too wide) in paragraph at lines 551--553
[]\OT1/cmr/bx/n/10 Un shader c'est un pro-gramme qui s'ex^^Secute sur une carte
 graphique\OT1/cmr/m/n/10 .
 []


Underfull \hbox (badness 10000) in paragraph at lines 551--553
=======
Underfull \hbox (badness 10000) in paragraph at lines 552--554
>>>>>>> 31d17d54eb4cbc6f0c3aa734bfeeb9634ce61a5f

 []


Underfull \hbox (badness 10000) in paragraph at lines 555--559

 []


Underfull \hbox (badness 10000) in paragraph at lines 560--564

 []


Underfull \hbox (badness 10000) in paragraph at lines 567--573

 []

<<<<<<< HEAD
[20]
Underfull \hbox (badness 10000) in paragraph at lines 573--575
=======

Underfull \hbox (badness 10000) in paragraph at lines 574--576
>>>>>>> 31d17d54eb4cbc6f0c3aa734bfeeb9634ce61a5f

 []


Underfull \hbox (badness 10000) in paragraph at lines 579--580

 []

<<<<<<< HEAD
=======
[17]
File: Framebuffer.ps Graphic file (type eps)
 <Framebuffer.ps>
Overfull \hbox (28.82475pt too wide) in paragraph at lines 588--588
 [] 
 []
>>>>>>> 31d17d54eb4cbc6f0c3aa734bfeeb9634ce61a5f

LaTeX Warning: File `Framebuffer.ps' not found on input line 587.


! LaTeX Error: File `Framebuffer.ps' not found.

<<<<<<< HEAD
See the LaTeX manual or LaTeX Companion for explanation.
Type  H <return>  for immediate help.
 ...                                              
                                                  
l.587 	\includegraphics[scale=0.5]{Framebuffer.ps}
                                                  \\
? 

! LaTeX Error: Cannot determine size of graphic in Framebuffer.ps (no BoundingB
ox).

See the LaTeX manual or LaTeX Companion for explanation.
Type  H <return>  for immediate help.
 ...                                              
                                                  
l.587 	\includegraphics[scale=0.5]{Framebuffer.ps}
                                                  \\
? 
File: Framebuffer.ps Graphic file (type eps)
<Framebuffer.ps>
Underfull \hbox (badness 10000) in paragraph at lines 591--592
=======
Underfull \hbox (badness 10000) in paragraph at lines 592--593
>>>>>>> 31d17d54eb4cbc6f0c3aa734bfeeb9634ce61a5f

 []


Underfull \hbox (badness 10000) in paragraph at lines 594--596

 []


Underfull \hbox (badness 10000) in paragraph at lines 596--597

 []


Underfull \hbox (badness 10000) in paragraph at lines 597--598

 []


Underfull \hbox (badness 10000) in paragraph at lines 599--601

 []


Underfull \hbox (badness 10000) in paragraph at lines 605--612

 []


Underfull \hbox (badness 10000) in paragraph at lines 613--618

 []

[21]
File: GPU.ps Graphic file (type eps)
<<<<<<< HEAD
 <GPU.ps>
Underfull \hbox (badness 10000) in paragraph at lines 646--650
=======
<GPU.ps> [18]
Underfull \hbox (badness 10000) in paragraph at lines 645--649
>>>>>>> 31d17d54eb4cbc6f0c3aa734bfeeb9634ce61a5f

 []


LaTeX Warning: File `Grille1.ps' not found on input line 652.


! LaTeX Error: File `Grille1.ps' not found.

See the LaTeX manual or LaTeX Companion for explanation.
Type  H <return>  for immediate help.
 ...                                              
                                                  
l.652 	\includegraphics[scale=1]{Grille1.ps}
                                            \\
? 

! LaTeX Error: Cannot determine size of graphic in Grille1.ps (no BoundingBox).


See the LaTeX manual or LaTeX Companion for explanation.
Type  H <return>  for immediate help.
 ...                                              
                                                  
l.652 	\includegraphics[scale=1]{Grille1.ps}
                                            \\
? 
File: Grille1.ps Graphic file (type eps)
<<<<<<< HEAD
<Grille1.ps> [22]

LaTeX Warning: File `Grille2.ps' not found on input line 653.


! LaTeX Error: File `Grille2.ps' not found.

See the LaTeX manual or LaTeX Companion for explanation.
Type  H <return>  for immediate help.
 ...                                              
                                                  
l.653 	\includegraphics[scale=1]{Grille2.ps}
                                            \\
? 

! LaTeX Error: Cannot determine size of graphic in Grille2.ps (no BoundingBox).


See the LaTeX manual or LaTeX Companion for explanation.
Type  H <return>  for immediate help.
 ...                                              
                                                  
l.653 	\includegraphics[scale=1]{Grille2.ps}
                                            \\
? 
File: Grille2.ps Graphic file (type eps)
<Grille2.ps>

LaTeX Warning: File `Grille2.ps' not found on input line 654.


! LaTeX Error: File `Grille2.ps' not found.

See the LaTeX manual or LaTeX Companion for explanation.
Type  H <return>  for immediate help.
 ...                                              
                                                  
l.654 	\includegraphics[scale=1]{Grille2.ps}
                                            \\
? 

! LaTeX Error: Cannot determine size of graphic in Grille2.ps (no BoundingBox).


See the LaTeX manual or LaTeX Companion for explanation.
Type  H <return>  for immediate help.
 ...                                              
                                                  
l.654 	\includegraphics[scale=1]{Grille2.ps}
                                            \\
? 
File: Grille2.ps Graphic file (type eps)
<Grille2.ps> [23]
Underfull \hbox (badness 10000) in paragraph at lines 688--693
=======
<Grille1.ps> [19]
File: Grille2.ps Graphic file (type eps)
 <Grille2.ps>
File: Grille3.ps Graphic file (type eps)
 <Grille3.ps> [20]
Underfull \hbox (badness 10000) in paragraph at lines 681--689
>>>>>>> 31d17d54eb4cbc6f0c3aa734bfeeb9634ce61a5f

 []


<<<<<<< HEAD
Underfull \hbox (badness 10000) in paragraph at lines 694--698
=======
Underfull \hbox (badness 10000) in paragraph at lines 709--713
>>>>>>> 31d17d54eb4cbc6f0c3aa734bfeeb9634ce61a5f

 []


<<<<<<< HEAD
Underfull \hbox (badness 10000) in paragraph at lines 699--702
=======
Underfull \hbox (badness 10000) in paragraph at lines 721--724
>>>>>>> 31d17d54eb4cbc6f0c3aa734bfeeb9634ce61a5f

 []

File: Monkey.ps Graphic file (type eps)
<Monkey.ps>
Overfull \hbox (168.92pt too wide) in paragraph at lines 720--720
 [] 
 []

<<<<<<< HEAD
[24]
File: FilledFace.ps Graphic file (type eps)
 <FilledFace.ps>
Overfull \hbox (48.46999pt too wide) in paragraph at lines 721--721
 [][] 
 []
=======
Underfull \hbox (badness 10000) in paragraph at lines 726--727
>>>>>>> 31d17d54eb4cbc6f0c3aa734bfeeb9634ce61a5f

[25]
File: phi_inside.ps Graphic file (type eps)
 <phi_inside.ps>
Overfull \hbox (56.5pt too wide) in paragraph at lines 731--731
 [] 
 []

<<<<<<< HEAD
[26]
Underfull \hbox (badness 10000) in paragraph at lines 759--766
=======
File: Contour.ps Graphic file (type eps)
<Contour.ps> [21]
Underfull \hbox (badness 10000) in paragraph at lines 733--734
>>>>>>> 31d17d54eb4cbc6f0c3aa734bfeeb9634ce61a5f

 []

[27]
Underfull \hbox (badness 10000) in paragraph at lines 767--768

 []

<<<<<<< HEAD
File: Contour.ps Graphic file (type eps)
<Contour.ps>
Underfull \hbox (badness 10000) in paragraph at lines 774--777
=======
Underfull \hbox (badness 10000) in paragraph at lines 737--738
>>>>>>> 31d17d54eb4cbc6f0c3aa734bfeeb9634ce61a5f

 []

File: Decomposition.ps Graphic file (type eps)
<<<<<<< HEAD
<Decomposition.ps>
Overfull \hbox (11.33125pt too wide) in paragraph at lines 791--791
 [] 
 []

[28]
=======
<Decomposition.ps> [22]
>>>>>>> 31d17d54eb4cbc6f0c3aa734bfeeb9634ce61a5f
File: Decomposition0.ps Graphic file (type eps)
 <Decomposition0.ps>
File: Decomposition2.ps Graphic file (type eps)
 <Decomposition2.ps>
File: Decomposition3.ps Graphic file (type eps)
 <Decomposition3.ps>
File: Decomposition4.ps Graphic file (type eps)

<Decomposition4.ps>
File: Decomposition5.ps Graphic file (type eps)
<<<<<<< HEAD
 <Decomposition5.ps> [29] [30]
=======
 <Decomposition5.ps> [23] [24]
>>>>>>> 31d17d54eb4cbc6f0c3aa734bfeeb9634ce61a5f
File: JosStam1.ps Graphic file (type eps)
 <JosStam1.ps> [31]
File: Stable.ps Graphic file (type eps)
<<<<<<< HEAD

<Stable.ps>
File: Interactive.ps Graphic file (type eps)
 <Interactive.ps> [32]
Underfull \hbox (badness 10000) in paragraph at lines 868--882
=======
 <Stable.ps> [25]
File: Interactive.ps Graphic file (type eps)
 <Interactive.ps>
Underfull \hbox (badness 10000) in paragraph at lines 839--853
>>>>>>> 31d17d54eb4cbc6f0c3aa734bfeeb9634ce61a5f

 []

File: Smoke.ps Graphic file (type eps)
<<<<<<< HEAD
<Smoke.ps> [33]
File: Octree.ps Graphic file (type eps)
 <Octree.ps>
Overfull \hbox (118.7325pt too wide) in paragraph at lines 907--908
 [] 
 []

File: Voxel.ps Graphic file (type eps)
<Voxel.ps>
Overfull \hbox (117.72874pt too wide) in paragraph at lines 928--929
 [] 
 []

[34]
Underfull \hbox (badness 10000) in paragraph at lines 930--941
=======
<Smoke.ps> [26]
File: Octree.ps Graphic file (type eps)
 <Octree.ps>
Overfull \hbox (10.7646pt too wide) in paragraph at lines 878--879
 [] 
 []

[27]
File: Voxel.ps Graphic file (type eps)
 <Voxel.ps>
Overfull \hbox (9.76085pt too wide) in paragraph at lines 899--900
 [] 
 []


Underfull \hbox (badness 10000) in paragraph at lines 901--912
>>>>>>> 31d17d54eb4cbc6f0c3aa734bfeeb9634ce61a5f

 []

File: RealGPU.ps Graphic file (type eps)
<RealGPU.ps>
<<<<<<< HEAD
Underfull \hbox (badness 10000) in paragraph at lines 948--961

 []

[35]
File: FastGPU.ps Graphic file (type eps)
 <FastGPU.ps>
Overfull \hbox (5.2783pt too wide) in paragraph at lines 967--984
\OT1/cmr/m/n/10 - Facile-ment Compr^^Sehensible et tous les cal-culs math^^Sema
tiques sont bien d^^Setaill^^Ses. 
 []


Underfull \hbox (badness 10000) in paragraph at lines 967--984
=======
Underfull \hbox (badness 10000) in paragraph at lines 919--932

 []

[28]
File: FastGPU.ps Graphic file (type eps)
 <FastGPU.ps>
Underfull \hbox (badness 10000) in paragraph at lines 938--955
>>>>>>> 31d17d54eb4cbc6f0c3aa734bfeeb9634ce61a5f

 []

[36]
File: Meshes.ps Graphic file (type eps)
<<<<<<< HEAD
 <Meshes.ps>
Underfull \hbox (badness 10000) in paragraph at lines 991--1016
=======
<Meshes.ps> [29]
Underfull \hbox (badness 10000) in paragraph at lines 962--987
>>>>>>> 31d17d54eb4cbc6f0c3aa734bfeeb9634ce61a5f

 []

File: Deformation.ps Graphic file (type eps)
<<<<<<< HEAD
<Deformation.ps> [37]
Overfull \hbox (15.25043pt too wide) in paragraph at lines 1024--1040
\OT1/cmr/m/n/10 - La m^^Sethode de de-struc-tion de l'ob-jet bas^^See sur des t
^^Setrah^^Redres est tr^^Res int^^Seressante. 
 []

=======
<Deformation.ps> [30]
>>>>>>> 31d17d54eb4cbc6f0c3aa734bfeeb9634ce61a5f
File: Volumetric.ps Graphic file (type eps)
<Volumetric.ps> [38]
File: Melting.ps Graphic file (type eps)
 <Melting.ps>
File: FireStarter.ps Graphic file (type eps)
<<<<<<< HEAD
 <FireStarter.ps>
Underfull \hbox (badness 10000) in paragraph at lines 1088--1104
=======
 <FireStarter.ps> [31]
Underfull \hbox (badness 10000) in paragraph at lines 1059--1075
>>>>>>> 31d17d54eb4cbc6f0c3aa734bfeeb9634ce61a5f

 []

[39]
File: Splats.ps Graphic file (type eps)
<<<<<<< HEAD
 <Splats.ps>
Underfull \hbox (badness 10000) in paragraph at lines 1110--1115
=======
<Splats.ps>
Underfull \hbox (badness 10000) in paragraph at lines 1081--1086
>>>>>>> 31d17d54eb4cbc6f0c3aa734bfeeb9634ce61a5f

 []

File: Physically.ps Graphic file (type eps)
<<<<<<< HEAD
<Physically.ps> [40]
Underfull \hbox (badness 10000) in paragraph at lines 1121--1133
=======
<Physically.ps> [32]
Underfull \hbox (badness 10000) in paragraph at lines 1092--1104
>>>>>>> 31d17d54eb4cbc6f0c3aa734bfeeb9634ce61a5f

 []

File: Adaptative.ps Graphic file (type eps)
<<<<<<< HEAD
<Adaptative.ps> [41] (./FireMonkeys.aux) ) 
Here is how much of TeX's memory you used:
 1624 strings out of 495062
 20042 string characters out of 1182644
 82319 words of memory out of 3000000
 4774 multiletter control sequences out of 15000+50000
=======
<Adaptative.ps> [33] (./FireMonkeys.aux) ) 
Here is how much of TeX's memory you used:
 1640 strings out of 495062
 20305 string characters out of 1182644
 84319 words of memory out of 3000000
 4788 multiletter control sequences out of 15000+50000
>>>>>>> 31d17d54eb4cbc6f0c3aa734bfeeb9634ce61a5f
 5158 words of font info for 19 fonts, out of 3000000 for 9000
 28 hyphenation exceptions out of 8191
 25i,5n,24p,687b,286s stack positions out of 5000i,500n,10000p,200000b,50000s

<<<<<<< HEAD
Output written on FireMonkeys.dvi (41 pages, 96040 bytes).
=======
Output written on FireMonkeys.dvi (33 pages, 97408 bytes).
>>>>>>> 31d17d54eb4cbc6f0c3aa734bfeeb9634ce61a5f
